<?xml version="1.0" encoding="UTF-8"?>
<!-- Generated by org.testng.reporters.JUnitXMLReporter -->
<testsuite ignored="5" hostname="DESKTOP-LC4ND9L" failures="0" tests="3" name="Test" time="0.072" errors="0" timestamp="13 May 2023 05:11:36 GMT">
  <testcase classname="testcases.HomeLoanTest" name="test2" time="0.004"/>
  <testcase classname="testcases.CarLoanTest" name="test3" time="0.001"/>
  <testcase classname="testcases.CreditcardTest" name="test4" time="0.001"/>
  <testcase classname="testcases.BaseClass" name="@BeforeTest method3" time="0.0">
    <ignored/>
  </testcase> <!-- @BeforeTest method3 -->
  <testcase classname="testcases.BaseClass" name="@BeforeTest method3" time="0.0">
    <ignored/>
  </testcase> <!-- @BeforeTest method3 -->
  <testcase classname="testcases.HomeLoanTest" name="test1" time="0.0">
    <ignored/>
  </testcase> <!-- test1 -->
  <testcase classname="testcases.BaseClass" name="@AfterTest method4" time="0.0">
    <ignored/>
  </testcase> <!-- @AfterTest method4 -->
  <testcase classname="testcases.BaseClass" name="@AfterTest method4" time="0.0">
    <ignored/>
  </testcase> <!-- @AfterTest method4 -->
</testsuite> <!-- Test -->
